CLIP-cpu 构建时间：6秒，镜像大小：5289.14 MB
CLIP-gpu 构建时间：1秒，镜像大小：5289.14 MB
Deep_Live_Cam-cpu 构建时间：697秒，镜像大小：11836.69 MB
Deep_Live_Cam-gpu 构建时间：4秒，镜像大小：21236.65 MB
LoRA-cpu 构建时间：432秒，镜像大小：5664.04 MB
LoRA-gpu 构建时间：438秒，镜像大小： MB
SAM2-cpu 构建时间：4秒，镜像大小：10755.48 MB
SAM2-gpu 构建时间：4秒，镜像大小：17429.47 MB
Stable-Baselines3-cpu 构建时间：5秒，镜像大小： MB
Stable-Baselines3-gpu 构建时间：4秒，镜像大小： MB
TTS-cpu 构建时间：351秒，镜像大小： MB
TTS-gpu 构建时间：4秒，镜像大小： MB
Transformers-cpu 构建时间：220秒，镜像大小：5458.05 MB
Transformers-gpu 构建时间：180秒，镜像大小：5458.05 MB
Whisper-cpu 构建时间：284秒，镜像大小：6926.17 MB
Whisper-gpu 构建时间：12秒，镜像大小： MB
YOLOv5-cpu 构建时间：125秒，镜像大小：8517.71 MB
YOLOv5-gpu 构建时间：226秒，镜像大小：12690.48 MB
YOLOv8-cpu 构建时间：389秒，镜像大小：5077.50 MB
YOLOv8-gpu 构建时间：344秒，镜像大小：13535.49 MB
mmpretrain-cpu 构建时间：28秒，镜像大小： MB
mmpretrain-gpu 构建时间：12秒，镜像大小： MB
stablediffusion-cpu 构建时间：493秒，镜像大小：27496.32 MB
stablediffusion-gpu 构建时间：3秒，镜像大小：27496.32 MB
