clip, 3m5.929s, 5661296036
lora-cpu, 4m54.223s, 7910582859
lora-gpu, 6m32.215s, 18324403406
sam2-cpu, 13.97
14.02
64.48
64.50
64.73
64.74
121.7
121.8
7m58.333s, 11528201549
sam2-gpu, 14.30
14.35
54.90
54.93
55.09
55.12
103.7
104.3
7m52.721s, 13564528297
stable-baselines3-cpu, 2m42.462s, 2467792343
stable-baselines3-gpu, 2m53.209s, 4340575052
tts, 9m5.734s, 11041659917
transformers, 7m15.277s, 15116739392
whisper, 4.334
4.337
6.636
44.09
44.11
44.24
44.29
64.67
64.67
72.66
106.3
106.5
7m4.161s, 7629753052
yolo11-cpu, 3m56.393s, 6610004296
yolo11-gpu, 9m5.791s, 10390286778
stablediffusion, 13m19.017s, 28749835517
sam2-cpu, 7m22.444s, 11528201549
sam2-gpu, 7m35.746s, 13564528297
whisper, 6m15.167s, 7629753016
